[ 2017-01-05T01:55:55+08:00 ] ::1 /thinkphp/
INFO: [ app_init ] --START--
INFO: Run Behavior\BuildLiteBehavior [ RunTime:0.000552s ]
INFO: [ app_init ] --END-- [ RunTime:0.011716s ]
INFO: [ app_begin ] --START--
INFO: Run Behavior\ReadHtmlCacheBehavior [ RunTime:0.005502s ]
INFO: [ app_begin ] --END-- [ RunTime:0.007087s ]
INFO: [ app_end ] --START--
INFO: Run Behavior\ShowPageTraceBehavior [ RunTime:0.012805s ]
INFO: [ app_end ] --END-- [ RunTime:0.014335s ]

[ 2017-01-05T01:57:43+08:00 ] ::1 /thinkphp/index.php/home/index/index/
INFO: [ app_init ] --START--
INFO: Run Behavior\BuildLiteBehavior [ RunTime:0.000096s ]
INFO: [ app_init ] --END-- [ RunTime:0.000863s ]
INFO: [ app_begin ] --START--
INFO: Run Behavior\ReadHtmlCacheBehavior [ RunTime:0.000712s ]
INFO: [ app_begin ] --END-- [ RunTime:0.001220s ]
INFO: [ app_end ] --START--
INFO: Run Behavior\ShowPageTraceBehavior [ RunTime:0.000715s ]
INFO: [ app_end ] --END-- [ RunTime:0.001157s ]

[ 2017-01-05T01:57:48+08:00 ] ::1 /thinkphp/index.php/home/index/index/cc
INFO: [ app_init ] --START--
INFO: Run Behavior\BuildLiteBehavior [ RunTime:0.000196s ]
INFO: [ app_init ] --END-- [ RunTime:0.001595s ]
INFO: [ app_begin ] --START--
INFO: Run Behavior\ReadHtmlCacheBehavior [ RunTime:0.001215s ]
INFO: [ app_begin ] --END-- [ RunTime:0.002155s ]
INFO: [ app_end ] --START--
INFO: Run Behavior\ShowPageTraceBehavior [ RunTime:0.001139s ]
INFO: [ app_end ] --END-- [ RunTime:0.001801s ]

[ 2017-01-05T02:11:13+08:00 ] ::1 /thinkphp/index.php/home/index/index/cc
INFO: [ app_init ] --START--
INFO: Run Behavior\BuildLiteBehavior [ RunTime:0.000343s ]
INFO: [ app_init ] --END-- [ RunTime:0.004743s ]
ERR: 1146:Table 'syb_3.syb_syb13' doesn't exist
 [ SQL语句 ] : SHOW COLUMNS FROM `syb_syb13`

[ 2017-01-05T02:13:06+08:00 ] ::1 /thinkphp/index.php/home/index/index/cc
INFO: [ app_init ] --START--
INFO: Run Behavior\BuildLiteBehavior [ RunTime:0.000353s ]
INFO: [ app_init ] --END-- [ RunTime:0.003636s ]

[ 2017-01-05T02:13:07+08:00 ] ::1 /thinkphp/index.php/home/index/index/cc
INFO: [ app_init ] --START--
INFO: Run Behavior\BuildLiteBehavior [ RunTime:0.000323s ]
INFO: [ app_init ] --END-- [ RunTime:0.003038s ]

[ 2017-01-05T02:13:08+08:00 ] ::1 /thinkphp/index.php/home/index/index/cc
INFO: [ app_init ] --START--
INFO: Run Behavior\BuildLiteBehavior [ RunTime:0.000199s ]
INFO: [ app_init ] --END-- [ RunTime:0.002356s ]

[ 2017-01-05T02:14:19+08:00 ] ::1 /thinkphp/index.php/home/index/index/cc
INFO: [ app_init ] --START--
INFO: Run Behavior\BuildLiteBehavior [ RunTime:0.000096s ]
INFO: [ app_init ] --END-- [ RunTime:0.000957s ]

[ 2017-01-05T02:16:23+08:00 ] ::1 /thinkphp/index.php/home/index/index/cc
INFO: [ app_init ] --START--
INFO: Run Behavior\BuildLiteBehavior [ RunTime:0.000217s ]
INFO: [ app_init ] --END-- [ RunTime:0.002717s ]
ERR: 模板不存在:./Apps/Home/View/Index/index.html

[ 2017-01-05T02:17:18+08:00 ] ::1 /thinkphp/index.php/home/index/index/cc
INFO: [ app_init ] --START--
INFO: Run Behavior\BuildLiteBehavior [ RunTime:0.000120s ]
INFO: [ app_init ] --END-- [ RunTime:0.001267s ]
ERR: 模板不存在:./Apps/Home/View/Index/index.html

[ 2017-01-05T02:18:43+08:00 ] ::1 /thinkphp/index.php/home/index/index/cc
INFO: [ app_init ] --START--
INFO: Run Behavior\BuildLiteBehavior [ RunTime:0.000497s ]
INFO: [ app_init ] --END-- [ RunTime:0.003187s ]
ERR: 模板不存在:./Apps/Home/View/Index/index.html

[ 2017-01-05T02:18:44+08:00 ] ::1 /thinkphp/index.php/home/index/index/cc
INFO: [ app_init ] --START--
INFO: Run Behavior\BuildLiteBehavior [ RunTime:0.000357s ]
INFO: [ app_init ] --END-- [ RunTime:0.003523s ]
ERR: 模板不存在:./Apps/Home/View/Index/index.html

[ 2017-01-05T02:20:13+08:00 ] ::1 /thinkphp/index.php/home/index/index/cc
INFO: [ app_init ] --START--
INFO: Run Behavior\BuildLiteBehavior [ RunTime:0.000276s ]
INFO: [ app_init ] --END-- [ RunTime:0.002856s ]

[ 2017-01-05T02:25:42+08:00 ] ::1 /thinkphp/index.php/home/index/index/cc
INFO: [ app_init ] --START--
INFO: Run Behavior\BuildLiteBehavior [ RunTime:0.000338s ]
INFO: [ app_init ] --END-- [ RunTime:0.003093s ]

[ 2017-01-05T02:27:17+08:00 ] ::1 /thinkphp/index.php/home/index/index/cc
INFO: [ app_init ] --START--
INFO: Run Behavior\BuildLiteBehavior [ RunTime:0.000555s ]
INFO: [ app_init ] --END-- [ RunTime:0.004615s ]

[ 2017-01-05T02:27:58+08:00 ] ::1 /thinkphp/index.php/home/index/index/cc
INFO: [ app_init ] --START--
INFO: Run Behavior\BuildLiteBehavior [ RunTime:0.000327s ]
INFO: [ app_init ] --END-- [ RunTime:0.003744s ]

[ 2017-01-05T02:28:11+08:00 ] ::1 /thinkphp/index.php/home/index/index/cc
INFO: [ app_init ] --START--
INFO: Run Behavior\BuildLiteBehavior [ RunTime:0.000312s ]
INFO: [ app_init ] --END-- [ RunTime:0.003410s ]

[ 2017-01-05T02:29:38+08:00 ] ::1 /thinkphp/index.php/home/index/index/cc
INFO: [ app_init ] --START--
INFO: Run Behavior\BuildLiteBehavior [ RunTime:0.000329s ]
INFO: [ app_init ] --END-- [ RunTime:0.003045s ]

[ 2017-01-05T02:29:39+08:00 ] ::1 /thinkphp/index.php/home/index/index/cc
INFO: [ app_init ] --START--
INFO: Run Behavior\BuildLiteBehavior [ RunTime:0.000313s ]
INFO: [ app_init ] --END-- [ RunTime:0.002926s ]

[ 2017-01-05T02:29:57+08:00 ] ::1 /thinkphp/index.php/home/index/index/cc
INFO: [ app_init ] --START--
INFO: Run Behavior\BuildLiteBehavior [ RunTime:0.000127s ]
INFO: [ app_init ] --END-- [ RunTime:0.003264s ]

[ 2017-01-05T02:29:59+08:00 ] ::1 /thinkphp/index.php/home/index/index/cc
INFO: [ app_init ] --START--
INFO: Run Behavior\BuildLiteBehavior [ RunTime:0.000305s ]
INFO: [ app_init ] --END-- [ RunTime:0.002971s ]

[ 2017-01-05T02:30:00+08:00 ] ::1 /thinkphp/index.php/home/index/index/cc
INFO: [ app_init ] --START--
INFO: Run Behavior\BuildLiteBehavior [ RunTime:0.000517s ]
INFO: [ app_init ] --END-- [ RunTime:0.004417s ]

[ 2017-01-05T02:30:56+08:00 ] ::1 /thinkphp/index.php/home/index/index/cc
INFO: [ app_init ] --START--
INFO: Run Behavior\BuildLiteBehavior [ RunTime:0.000326s ]
INFO: [ app_init ] --END-- [ RunTime:0.003873s ]

[ 2017-01-05T02:32:01+08:00 ] ::1 /thinkphp/index.php/home/index/index/cc
INFO: [ app_init ] --START--
INFO: Run Behavior\BuildLiteBehavior [ RunTime:0.000322s ]
INFO: [ app_init ] --END-- [ RunTime:0.003062s ]

[ 2017-01-05T02:36:22+08:00 ] ::1 /thinkphp/index.php/home/index/index/cc
INFO: [ app_init ] --START--
INFO: Run Behavior\BuildLiteBehavior [ RunTime:0.000240s ]
INFO: [ app_init ] --END-- [ RunTime:0.001755s ]
INFO: [ app_begin ] --START--
INFO: Run Behavior\ReadHtmlCacheBehavior [ RunTime:0.000872s ]
INFO: [ app_begin ] --END-- [ RunTime:0.001368s ]
SQL: SHOW COLUMNS FROM `stu_syb13` [ RunTime:0.0034s ]
SQL: SELECT * FROM `stu_syb13`  [ RunTime:0.0007s ]
INFO: [ view_parse ] --START--
INFO: [ template_filter ] --START--
INFO: Run Behavior\ContentReplaceBehavior [ RunTime:0.000242s ]
INFO: [ template_filter ] --END-- [ RunTime:0.000786s ]
NOTIC: [8] Undefined index: 名族 G:\php study\thinkphp\Apps\Runtime\Cache\Home\400c995c330f1f6ecac6b9102849eb7e.php 第 30 行.
NOTIC: [8] Undefined index: 名族 G:\php study\thinkphp\Apps\Runtime\Cache\Home\400c995c330f1f6ecac6b9102849eb7e.php 第 30 行.
NOTIC: [8] Undefined index: 名族 G:\php study\thinkphp\Apps\Runtime\Cache\Home\400c995c330f1f6ecac6b9102849eb7e.php 第 30 行.
NOTIC: [8] Undefined index: 名族 G:\php study\thinkphp\Apps\Runtime\Cache\Home\400c995c330f1f6ecac6b9102849eb7e.php 第 30 行.
NOTIC: [8] Undefined index: 名族 G:\php study\thinkphp\Apps\Runtime\Cache\Home\400c995c330f1f6ecac6b9102849eb7e.php 第 30 行.
NOTIC: [8] Undefined index: 名族 G:\php study\thinkphp\Apps\Runtime\Cache\Home\400c995c330f1f6ecac6b9102849eb7e.php 第 30 行.
NOTIC: [8] Undefined index: 名族 G:\php study\thinkphp\Apps\Runtime\Cache\Home\400c995c330f1f6ecac6b9102849eb7e.php 第 30 行.
NOTIC: [8] Undefined index: 名族 G:\php study\thinkphp\Apps\Runtime\Cache\Home\400c995c330f1f6ecac6b9102849eb7e.php 第 30 行.
NOTIC: [8] Undefined index: 名族 G:\php study\thinkphp\Apps\Runtime\Cache\Home\400c995c330f1f6ecac6b9102849eb7e.php 第 30 行.
NOTIC: [8] Undefined index: 名族 G:\php study\thinkphp\Apps\Runtime\Cache\Home\400c995c330f1f6ecac6b9102849eb7e.php 第 30 行.
NOTIC: [8] Undefined index: 名族 G:\php study\thinkphp\Apps\Runtime\Cache\Home\400c995c330f1f6ecac6b9102849eb7e.php 第 30 行.
NOTIC: [8] Undefined index: 名族 G:\php study\thinkphp\Apps\Runtime\Cache\Home\400c995c330f1f6ecac6b9102849eb7e.php 第 30 行.
NOTIC: [8] Undefined index: 名族 G:\php study\thinkphp\Apps\Runtime\Cache\Home\400c995c330f1f6ecac6b9102849eb7e.php 第 30 行.
NOTIC: [8] Undefined index: 名族 G:\php study\thinkphp\Apps\Runtime\Cache\Home\400c995c330f1f6ecac6b9102849eb7e.php 第 30 行.
NOTIC: [8] Undefined index: 名族 G:\php study\thinkphp\Apps\Runtime\Cache\Home\400c995c330f1f6ecac6b9102849eb7e.php 第 30 行.
NOTIC: [8] Undefined index: 名族 G:\php study\thinkphp\Apps\Runtime\Cache\Home\400c995c330f1f6ecac6b9102849eb7e.php 第 30 行.
NOTIC: [8] Undefined index: 名族 G:\php study\thinkphp\Apps\Runtime\Cache\Home\400c995c330f1f6ecac6b9102849eb7e.php 第 30 行.
NOTIC: [8] Undefined index: 名族 G:\php study\thinkphp\Apps\Runtime\Cache\Home\400c995c330f1f6ecac6b9102849eb7e.php 第 30 行.
NOTIC: [8] Undefined index: 名族 G:\php study\thinkphp\Apps\Runtime\Cache\Home\400c995c330f1f6ecac6b9102849eb7e.php 第 30 行.
NOTIC: [8] Undefined index: 名族 G:\php study\thinkphp\Apps\Runtime\Cache\Home\400c995c330f1f6ecac6b9102849eb7e.php 第 30 行.
NOTIC: [8] Undefined index: 名族 G:\php study\thinkphp\Apps\Runtime\Cache\Home\400c995c330f1f6ecac6b9102849eb7e.php 第 30 行.
NOTIC: [8] Undefined index: 名族 G:\php study\thinkphp\Apps\Runtime\Cache\Home\400c995c330f1f6ecac6b9102849eb7e.php 第 30 行.
NOTIC: [8] Undefined index: 名族 G:\php study\thinkphp\Apps\Runtime\Cache\Home\400c995c330f1f6ecac6b9102849eb7e.php 第 30 行.
NOTIC: [8] Undefined index: 名族 G:\php study\thinkphp\Apps\Runtime\Cache\Home\400c995c330f1f6ecac6b9102849eb7e.php 第 30 行.
NOTIC: [8] Undefined index: 名族 G:\php study\thinkphp\Apps\Runtime\Cache\Home\400c995c330f1f6ecac6b9102849eb7e.php 第 30 行.
NOTIC: [8] Undefined index: 名族 G:\php study\thinkphp\Apps\Runtime\Cache\Home\400c995c330f1f6ecac6b9102849eb7e.php 第 30 行.
NOTIC: [8] Undefined index: 名族 G:\php study\thinkphp\Apps\Runtime\Cache\Home\400c995c330f1f6ecac6b9102849eb7e.php 第 30 行.
NOTIC: [8] Undefined index: 名族 G:\php study\thinkphp\Apps\Runtime\Cache\Home\400c995c330f1f6ecac6b9102849eb7e.php 第 30 行.
NOTIC: [8] Undefined index: 名族 G:\php study\thinkphp\Apps\Runtime\Cache\Home\400c995c330f1f6ecac6b9102849eb7e.php 第 30 行.
NOTIC: [8] Undefined index: 名族 G:\php study\thinkphp\Apps\Runtime\Cache\Home\400c995c330f1f6ecac6b9102849eb7e.php 第 30 行.
NOTIC: [8] Undefined index: 名族 G:\php study\thinkphp\Apps\Runtime\Cache\Home\400c995c330f1f6ecac6b9102849eb7e.php 第 30 行.
INFO: Run Behavior\ParseTemplateBehavior [ RunTime:0.026342s ]
INFO: [ view_parse ] --END-- [ RunTime:0.027105s ]
INFO: [ view_filter ] --START--
INFO: Run Behavior\WriteHtmlCacheBehavior [ RunTime:0.000674s ]
INFO: [ view_filter ] --END-- [ RunTime:0.001108s ]
INFO: [ app_end ] --START--
INFO: Run Behavior\ShowPageTraceBehavior [ RunTime:0.000755s ]
INFO: [ app_end ] --END-- [ RunTime:0.001253s ]

[ 2017-01-05T11:36:34+08:00 ] ::1 /thinkphp/
INFO: [ app_init ] --START--
INFO: Run Behavior\BuildLiteBehavior [ RunTime:0.000129s ]
INFO: [ app_init ] --END-- [ RunTime:0.001722s ]
INFO: [ app_begin ] --START--
INFO: Run Behavior\ReadHtmlCacheBehavior [ RunTime:0.001453s ]
INFO: [ app_begin ] --END-- [ RunTime:0.001946s ]
SQL: SHOW COLUMNS FROM `stu_syb13` [ RunTime:0.0049s ]
SQL: SELECT * FROM `stu_syb13`  [ RunTime:0.0017s ]
INFO: [ view_parse ] --START--
INFO: [ template_filter ] --START--
INFO: Run Behavior\ContentReplaceBehavior [ RunTime:0.000254s ]
INFO: [ template_filter ] --END-- [ RunTime:0.000769s ]
NOTIC: [8] Undefined index: 名族 G:\php study\thinkphp\Apps\Runtime\Cache\Home\400c995c330f1f6ecac6b9102849eb7e.php 第 30 行.
NOTIC: [8] Undefined index: 名族 G:\php study\thinkphp\Apps\Runtime\Cache\Home\400c995c330f1f6ecac6b9102849eb7e.php 第 30 行.
NOTIC: [8] Undefined index: 名族 G:\php study\thinkphp\Apps\Runtime\Cache\Home\400c995c330f1f6ecac6b9102849eb7e.php 第 30 行.
NOTIC: [8] Undefined index: 名族 G:\php study\thinkphp\Apps\Runtime\Cache\Home\400c995c330f1f6ecac6b9102849eb7e.php 第 30 行.
NOTIC: [8] Undefined index: 名族 G:\php study\thinkphp\Apps\Runtime\Cache\Home\400c995c330f1f6ecac6b9102849eb7e.php 第 30 行.
NOTIC: [8] Undefined index: 名族 G:\php study\thinkphp\Apps\Runtime\Cache\Home\400c995c330f1f6ecac6b9102849eb7e.php 第 30 行.
NOTIC: [8] Undefined index: 名族 G:\php study\thinkphp\Apps\Runtime\Cache\Home\400c995c330f1f6ecac6b9102849eb7e.php 第 30 行.
NOTIC: [8] Undefined index: 名族 G:\php study\thinkphp\Apps\Runtime\Cache\Home\400c995c330f1f6ecac6b9102849eb7e.php 第 30 行.
NOTIC: [8] Undefined index: 名族 G:\php study\thinkphp\Apps\Runtime\Cache\Home\400c995c330f1f6ecac6b9102849eb7e.php 第 30 行.
NOTIC: [8] Undefined index: 名族 G:\php study\thinkphp\Apps\Runtime\Cache\Home\400c995c330f1f6ecac6b9102849eb7e.php 第 30 行.
NOTIC: [8] Undefined index: 名族 G:\php study\thinkphp\Apps\Runtime\Cache\Home\400c995c330f1f6ecac6b9102849eb7e.php 第 30 行.
NOTIC: [8] Undefined index: 名族 G:\php study\thinkphp\Apps\Runtime\Cache\Home\400c995c330f1f6ecac6b9102849eb7e.php 第 30 行.
NOTIC: [8] Undefined index: 名族 G:\php study\thinkphp\Apps\Runtime\Cache\Home\400c995c330f1f6ecac6b9102849eb7e.php 第 30 行.
NOTIC: [8] Undefined index: 名族 G:\php study\thinkphp\Apps\Runtime\Cache\Home\400c995c330f1f6ecac6b9102849eb7e.php 第 30 行.
NOTIC: [8] Undefined index: 名族 G:\php study\thinkphp\Apps\Runtime\Cache\Home\400c995c330f1f6ecac6b9102849eb7e.php 第 30 行.
NOTIC: [8] Undefined index: 名族 G:\php study\thinkphp\Apps\Runtime\Cache\Home\400c995c330f1f6ecac6b9102849eb7e.php 第 30 行.
NOTIC: [8] Undefined index: 名族 G:\php study\thinkphp\Apps\Runtime\Cache\Home\400c995c330f1f6ecac6b9102849eb7e.php 第 30 行.
NOTIC: [8] Undefined index: 名族 G:\php study\thinkphp\Apps\Runtime\Cache\Home\400c995c330f1f6ecac6b9102849eb7e.php 第 30 行.
NOTIC: [8] Undefined index: 名族 G:\php study\thinkphp\Apps\Runtime\Cache\Home\400c995c330f1f6ecac6b9102849eb7e.php 第 30 行.
NOTIC: [8] Undefined index: 名族 G:\php study\thinkphp\Apps\Runtime\Cache\Home\400c995c330f1f6ecac6b9102849eb7e.php 第 30 行.
NOTIC: [8] Undefined index: 名族 G:\php study\thinkphp\Apps\Runtime\Cache\Home\400c995c330f1f6ecac6b9102849eb7e.php 第 30 行.
NOTIC: [8] Undefined index: 名族 G:\php study\thinkphp\Apps\Runtime\Cache\Home\400c995c330f1f6ecac6b9102849eb7e.php 第 30 行.
NOTIC: [8] Undefined index: 名族 G:\php study\thinkphp\Apps\Runtime\Cache\Home\400c995c330f1f6ecac6b9102849eb7e.php 第 30 行.
NOTIC: [8] Undefined index: 名族 G:\php study\thinkphp\Apps\Runtime\Cache\Home\400c995c330f1f6ecac6b9102849eb7e.php 第 30 行.
NOTIC: [8] Undefined index: 名族 G:\php study\thinkphp\Apps\Runtime\Cache\Home\400c995c330f1f6ecac6b9102849eb7e.php 第 30 行.
NOTIC: [8] Undefined index: 名族 G:\php study\thinkphp\Apps\Runtime\Cache\Home\400c995c330f1f6ecac6b9102849eb7e.php 第 30 行.
NOTIC: [8] Undefined index: 名族 G:\php study\thinkphp\Apps\Runtime\Cache\Home\400c995c330f1f6ecac6b9102849eb7e.php 第 30 行.
NOTIC: [8] Undefined index: 名族 G:\php study\thinkphp\Apps\Runtime\Cache\Home\400c995c330f1f6ecac6b9102849eb7e.php 第 30 行.
NOTIC: [8] Undefined index: 名族 G:\php study\thinkphp\Apps\Runtime\Cache\Home\400c995c330f1f6ecac6b9102849eb7e.php 第 30 行.
NOTIC: [8] Undefined index: 名族 G:\php study\thinkphp\Apps\Runtime\Cache\Home\400c995c330f1f6ecac6b9102849eb7e.php 第 30 行.
NOTIC: [8] Undefined index: 名族 G:\php study\thinkphp\Apps\Runtime\Cache\Home\400c995c330f1f6ecac6b9102849eb7e.php 第 30 行.
INFO: Run Behavior\ParseTemplateBehavior [ RunTime:0.046899s ]
INFO: [ view_parse ] --END-- [ RunTime:0.047567s ]
INFO: [ view_filter ] --START--
INFO: Run Behavior\WriteHtmlCacheBehavior [ RunTime:0.006259s ]
INFO: [ view_filter ] --END-- [ RunTime:0.006971s ]
INFO: [ app_end ] --START--
INFO: Run Behavior\ShowPageTraceBehavior [ RunTime:0.001588s ]
INFO: [ app_end ] --END-- [ RunTime:0.002156s ]

[ 2017-01-05T15:52:19+08:00 ] ::1 /thinkphp/
INFO: [ app_init ] --START--
INFO: Run Behavior\BuildLiteBehavior [ RunTime:0.000106s ]
INFO: [ app_init ] --END-- [ RunTime:0.001233s ]
INFO: [ app_begin ] --START--
INFO: Run Behavior\ReadHtmlCacheBehavior [ RunTime:0.001103s ]
INFO: [ app_begin ] --END-- [ RunTime:0.001600s ]
SQL: SHOW COLUMNS FROM `stu_syb13` [ RunTime:0.0027s ]
SQL: SELECT * FROM `stu_syb13`  [ RunTime:0.0013s ]
INFO: [ view_parse ] --START--
INFO: [ template_filter ] --START--
INFO: Run Behavior\ContentReplaceBehavior [ RunTime:0.000459s ]
INFO: [ template_filter ] --END-- [ RunTime:0.001886s ]
NOTIC: [8] Undefined index: 名族 G:\php study\thinkphp\Apps\Runtime\Cache\Home\400c995c330f1f6ecac6b9102849eb7e.php 第 30 行.
NOTIC: [8] Undefined index: 名族 G:\php study\thinkphp\Apps\Runtime\Cache\Home\400c995c330f1f6ecac6b9102849eb7e.php 第 30 行.
NOTIC: [8] Undefined index: 名族 G:\php study\thinkphp\Apps\Runtime\Cache\Home\400c995c330f1f6ecac6b9102849eb7e.php 第 30 行.
NOTIC: [8] Undefined index: 名族 G:\php study\thinkphp\Apps\Runtime\Cache\Home\400c995c330f1f6ecac6b9102849eb7e.php 第 30 行.
NOTIC: [8] Undefined index: 名族 G:\php study\thinkphp\Apps\Runtime\Cache\Home\400c995c330f1f6ecac6b9102849eb7e.php 第 30 行.
NOTIC: [8] Undefined index: 名族 G:\php study\thinkphp\Apps\Runtime\Cache\Home\400c995c330f1f6ecac6b9102849eb7e.php 第 30 行.
NOTIC: [8] Undefined index: 名族 G:\php study\thinkphp\Apps\Runtime\Cache\Home\400c995c330f1f6ecac6b9102849eb7e.php 第 30 行.
NOTIC: [8] Undefined index: 名族 G:\php study\thinkphp\Apps\Runtime\Cache\Home\400c995c330f1f6ecac6b9102849eb7e.php 第 30 行.
NOTIC: [8] Undefined index: 名族 G:\php study\thinkphp\Apps\Runtime\Cache\Home\400c995c330f1f6ecac6b9102849eb7e.php 第 30 行.
NOTIC: [8] Undefined index: 名族 G:\php study\thinkphp\Apps\Runtime\Cache\Home\400c995c330f1f6ecac6b9102849eb7e.php 第 30 行.
NOTIC: [8] Undefined index: 名族 G:\php study\thinkphp\Apps\Runtime\Cache\Home\400c995c330f1f6ecac6b9102849eb7e.php 第 30 行.
NOTIC: [8] Undefined index: 名族 G:\php study\thinkphp\Apps\Runtime\Cache\Home\400c995c330f1f6ecac6b9102849eb7e.php 第 30 行.
NOTIC: [8] Undefined index: 名族 G:\php study\thinkphp\Apps\Runtime\Cache\Home\400c995c330f1f6ecac6b9102849eb7e.php 第 30 行.
NOTIC: [8] Undefined index: 名族 G:\php study\thinkphp\Apps\Runtime\Cache\Home\400c995c330f1f6ecac6b9102849eb7e.php 第 30 行.
NOTIC: [8] Undefined index: 名族 G:\php study\thinkphp\Apps\Runtime\Cache\Home\400c995c330f1f6ecac6b9102849eb7e.php 第 30 行.
NOTIC: [8] Undefined index: 名族 G:\php study\thinkphp\Apps\Runtime\Cache\Home\400c995c330f1f6ecac6b9102849eb7e.php 第 30 行.
NOTIC: [8] Undefined index: 名族 G:\php study\thinkphp\Apps\Runtime\Cache\Home\400c995c330f1f6ecac6b9102849eb7e.php 第 30 行.
NOTIC: [8] Undefined index: 名族 G:\php study\thinkphp\Apps\Runtime\Cache\Home\400c995c330f1f6ecac6b9102849eb7e.php 第 30 行.
NOTIC: [8] Undefined index: 名族 G:\php study\thinkphp\Apps\Runtime\Cache\Home\400c995c330f1f6ecac6b9102849eb7e.php 第 30 行.
NOTIC: [8] Undefined index: 名族 G:\php study\thinkphp\Apps\Runtime\Cache\Home\400c995c330f1f6ecac6b9102849eb7e.php 第 30 行.
NOTIC: [8] Undefined index: 名族 G:\php study\thinkphp\Apps\Runtime\Cache\Home\400c995c330f1f6ecac6b9102849eb7e.php 第 30 行.
NOTIC: [8] Undefined index: 名族 G:\php study\thinkphp\Apps\Runtime\Cache\Home\400c995c330f1f6ecac6b9102849eb7e.php 第 30 行.
NOTIC: [8] Undefined index: 名族 G:\php study\thinkphp\Apps\Runtime\Cache\Home\400c995c330f1f6ecac6b9102849eb7e.php 第 30 行.
NOTIC: [8] Undefined index: 名族 G:\php study\thinkphp\Apps\Runtime\Cache\Home\400c995c330f1f6ecac6b9102849eb7e.php 第 30 行.
NOTIC: [8] Undefined index: 名族 G:\php study\thinkphp\Apps\Runtime\Cache\Home\400c995c330f1f6ecac6b9102849eb7e.php 第 30 行.
NOTIC: [8] Undefined index: 名族 G:\php study\thinkphp\Apps\Runtime\Cache\Home\400c995c330f1f6ecac6b9102849eb7e.php 第 30 行.
NOTIC: [8] Undefined index: 名族 G:\php study\thinkphp\Apps\Runtime\Cache\Home\400c995c330f1f6ecac6b9102849eb7e.php 第 30 行.
NOTIC: [8] Undefined index: 名族 G:\php study\thinkphp\Apps\Runtime\Cache\Home\400c995c330f1f6ecac6b9102849eb7e.php 第 30 行.
NOTIC: [8] Undefined index: 名族 G:\php study\thinkphp\Apps\Runtime\Cache\Home\400c995c330f1f6ecac6b9102849eb7e.php 第 30 行.
NOTIC: [8] Undefined index: 名族 G:\php study\thinkphp\Apps\Runtime\Cache\Home\400c995c330f1f6ecac6b9102849eb7e.php 第 30 行.
NOTIC: [8] Undefined index: 名族 G:\php study\thinkphp\Apps\Runtime\Cache\Home\400c995c330f1f6ecac6b9102849eb7e.php 第 30 行.
INFO: Run Behavior\ParseTemplateBehavior [ RunTime:0.028192s ]
INFO: [ view_parse ] --END-- [ RunTime:0.029305s ]
INFO: [ view_filter ] --START--
INFO: Run Behavior\WriteHtmlCacheBehavior [ RunTime:0.000693s ]
INFO: [ view_filter ] --END-- [ RunTime:0.001209s ]
INFO: [ app_end ] --START--
INFO: Run Behavior\ShowPageTraceBehavior [ RunTime:0.002548s ]
INFO: [ app_end ] --END-- [ RunTime:0.003545s ]

[ 2017-01-05T19:20:46+08:00 ] ::1 /thinkphp/
INFO: [ app_init ] --START--
INFO: Run Behavior\BuildLiteBehavior [ RunTime:0.000158s ]
INFO: [ app_init ] --END-- [ RunTime:0.004001s ]
INFO: [ app_begin ] --START--
INFO: Run Behavior\ReadHtmlCacheBehavior [ RunTime:0.002102s ]
INFO: [ app_begin ] --END-- [ RunTime:0.003027s ]
SQL: SHOW COLUMNS FROM `stu_syb13` [ RunTime:0.0042s ]
SQL: SELECT * FROM `stu_syb13`  [ RunTime:0.0016s ]
INFO: [ view_parse ] --START--
INFO: [ template_filter ] --START--
INFO: Run Behavior\ContentReplaceBehavior [ RunTime:0.000413s ]
INFO: [ template_filter ] --END-- [ RunTime:0.001297s ]
NOTIC: [8] Undefined index: 名族 G:\php study\thinkphp\Apps\Runtime\Cache\Home\400c995c330f1f6ecac6b9102849eb7e.php 第 30 行.
NOTIC: [8] Undefined index: 名族 G:\php study\thinkphp\Apps\Runtime\Cache\Home\400c995c330f1f6ecac6b9102849eb7e.php 第 30 行.
NOTIC: [8] Undefined index: 名族 G:\php study\thinkphp\Apps\Runtime\Cache\Home\400c995c330f1f6ecac6b9102849eb7e.php 第 30 行.
NOTIC: [8] Undefined index: 名族 G:\php study\thinkphp\Apps\Runtime\Cache\Home\400c995c330f1f6ecac6b9102849eb7e.php 第 30 行.
NOTIC: [8] Undefined index: 名族 G:\php study\thinkphp\Apps\Runtime\Cache\Home\400c995c330f1f6ecac6b9102849eb7e.php 第 30 行.
NOTIC: [8] Undefined index: 名族 G:\php study\thinkphp\Apps\Runtime\Cache\Home\400c995c330f1f6ecac6b9102849eb7e.php 第 30 行.
NOTIC: [8] Undefined index: 名族 G:\php study\thinkphp\Apps\Runtime\Cache\Home\400c995c330f1f6ecac6b9102849eb7e.php 第 30 行.
NOTIC: [8] Undefined index: 名族 G:\php study\thinkphp\Apps\Runtime\Cache\Home\400c995c330f1f6ecac6b9102849eb7e.php 第 30 行.
NOTIC: [8] Undefined index: 名族 G:\php study\thinkphp\Apps\Runtime\Cache\Home\400c995c330f1f6ecac6b9102849eb7e.php 第 30 行.
NOTIC: [8] Undefined index: 名族 G:\php study\thinkphp\Apps\Runtime\Cache\Home\400c995c330f1f6ecac6b9102849eb7e.php 第 30 行.
NOTIC: [8] Undefined index: 名族 G:\php study\thinkphp\Apps\Runtime\Cache\Home\400c995c330f1f6ecac6b9102849eb7e.php 第 30 行.
NOTIC: [8] Undefined index: 名族 G:\php study\thinkphp\Apps\Runtime\Cache\Home\400c995c330f1f6ecac6b9102849eb7e.php 第 30 行.
NOTIC: [8] Undefined index: 名族 G:\php study\thinkphp\Apps\Runtime\Cache\Home\400c995c330f1f6ecac6b9102849eb7e.php 第 30 行.
NOTIC: [8] Undefined index: 名族 G:\php study\thinkphp\Apps\Runtime\Cache\Home\400c995c330f1f6ecac6b9102849eb7e.php 第 30 行.
NOTIC: [8] Undefined index: 名族 G:\php study\thinkphp\Apps\Runtime\Cache\Home\400c995c330f1f6ecac6b9102849eb7e.php 第 30 行.
NOTIC: [8] Undefined index: 名族 G:\php study\thinkphp\Apps\Runtime\Cache\Home\400c995c330f1f6ecac6b9102849eb7e.php 第 30 行.
NOTIC: [8] Undefined index: 名族 G:\php study\thinkphp\Apps\Runtime\Cache\Home\400c995c330f1f6ecac6b9102849eb7e.php 第 30 行.
NOTIC: [8] Undefined index: 名族 G:\php study\thinkphp\Apps\Runtime\Cache\Home\400c995c330f1f6ecac6b9102849eb7e.php 第 30 行.
NOTIC: [8] Undefined index: 名族 G:\php study\thinkphp\Apps\Runtime\Cache\Home\400c995c330f1f6ecac6b9102849eb7e.php 第 30 行.
NOTIC: [8] Undefined index: 名族 G:\php study\thinkphp\Apps\Runtime\Cache\Home\400c995c330f1f6ecac6b9102849eb7e.php 第 30 行.
NOTIC: [8] Undefined index: 名族 G:\php study\thinkphp\Apps\Runtime\Cache\Home\400c995c330f1f6ecac6b9102849eb7e.php 第 30 行.
NOTIC: [8] Undefined index: 名族 G:\php study\thinkphp\Apps\Runtime\Cache\Home\400c995c330f1f6ecac6b9102849eb7e.php 第 30 行.
NOTIC: [8] Undefined index: 名族 G:\php study\thinkphp\Apps\Runtime\Cache\Home\400c995c330f1f6ecac6b9102849eb7e.php 第 30 行.
NOTIC: [8] Undefined index: 名族 G:\php study\thinkphp\Apps\Runtime\Cache\Home\400c995c330f1f6ecac6b9102849eb7e.php 第 30 行.
NOTIC: [8] Undefined index: 名族 G:\php study\thinkphp\Apps\Runtime\Cache\Home\400c995c330f1f6ecac6b9102849eb7e.php 第 30 行.
NOTIC: [8] Undefined index: 名族 G:\php study\thinkphp\Apps\Runtime\Cache\Home\400c995c330f1f6ecac6b9102849eb7e.php 第 30 行.
NOTIC: [8] Undefined index: 名族 G:\php study\thinkphp\Apps\Runtime\Cache\Home\400c995c330f1f6ecac6b9102849eb7e.php 第 30 行.
NOTIC: [8] Undefined index: 名族 G:\php study\thinkphp\Apps\Runtime\Cache\Home\400c995c330f1f6ecac6b9102849eb7e.php 第 30 行.
NOTIC: [8] Undefined index: 名族 G:\php study\thinkphp\Apps\Runtime\Cache\Home\400c995c330f1f6ecac6b9102849eb7e.php 第 30 行.
NOTIC: [8] Undefined index: 名族 G:\php study\thinkphp\Apps\Runtime\Cache\Home\400c995c330f1f6ecac6b9102849eb7e.php 第 30 行.
NOTIC: [8] Undefined index: 名族 G:\php study\thinkphp\Apps\Runtime\Cache\Home\400c995c330f1f6ecac6b9102849eb7e.php 第 30 行.
INFO: Run Behavior\ParseTemplateBehavior [ RunTime:0.108117s ]
INFO: [ view_parse ] --END-- [ RunTime:0.108858s ]
INFO: [ view_filter ] --START--
INFO: Run Behavior\WriteHtmlCacheBehavior [ RunTime:0.001205s ]
INFO: [ view_filter ] --END-- [ RunTime:0.002092s ]
INFO: [ app_end ] --START--
INFO: Run Behavior\ShowPageTraceBehavior [ RunTime:0.001741s ]
INFO: [ app_end ] --END-- [ RunTime:0.002534s ]

[ 2017-01-05T19:35:01+08:00 ] ::1 /thinkphp/
INFO: [ app_init ] --START--
INFO: Run Behavior\BuildLiteBehavior [ RunTime:0.000102s ]
INFO: [ app_init ] --END-- [ RunTime:0.001074s ]
INFO: [ app_begin ] --START--
INFO: Run Behavior\ReadHtmlCacheBehavior [ RunTime:0.001005s ]
INFO: [ app_begin ] --END-- [ RunTime:0.001533s ]
SQL: SHOW COLUMNS FROM `stu_syb13` [ RunTime:0.0021s ]
SQL: SELECT * FROM `stu_syb13`  [ RunTime:0.0010s ]
INFO: [ view_parse ] --START--
INFO: [ template_filter ] --START--
INFO: Run Behavior\ContentReplaceBehavior [ RunTime:0.000245s ]
INFO: [ template_filter ] --END-- [ RunTime:0.000782s ]
NOTIC: [8] Undefined index: 名族 G:\php study\thinkphp\Apps\Runtime\Cache\Home\400c995c330f1f6ecac6b9102849eb7e.php 第 30 行.
NOTIC: [8] Undefined index: 名族 G:\php study\thinkphp\Apps\Runtime\Cache\Home\400c995c330f1f6ecac6b9102849eb7e.php 第 30 行.
NOTIC: [8] Undefined index: 名族 G:\php study\thinkphp\Apps\Runtime\Cache\Home\400c995c330f1f6ecac6b9102849eb7e.php 第 30 行.
NOTIC: [8] Undefined index: 名族 G:\php study\thinkphp\Apps\Runtime\Cache\Home\400c995c330f1f6ecac6b9102849eb7e.php 第 30 行.
NOTIC: [8] Undefined index: 名族 G:\php study\thinkphp\Apps\Runtime\Cache\Home\400c995c330f1f6ecac6b9102849eb7e.php 第 30 行.
NOTIC: [8] Undefined index: 名族 G:\php study\thinkphp\Apps\Runtime\Cache\Home\400c995c330f1f6ecac6b9102849eb7e.php 第 30 行.
NOTIC: [8] Undefined index: 名族 G:\php study\thinkphp\Apps\Runtime\Cache\Home\400c995c330f1f6ecac6b9102849eb7e.php 第 30 行.
NOTIC: [8] Undefined index: 名族 G:\php study\thinkphp\Apps\Runtime\Cache\Home\400c995c330f1f6ecac6b9102849eb7e.php 第 30 行.
NOTIC: [8] Undefined index: 名族 G:\php study\thinkphp\Apps\Runtime\Cache\Home\400c995c330f1f6ecac6b9102849eb7e.php 第 30 行.
NOTIC: [8] Undefined index: 名族 G:\php study\thinkphp\Apps\Runtime\Cache\Home\400c995c330f1f6ecac6b9102849eb7e.php 第 30 行.
NOTIC: [8] Undefined index: 名族 G:\php study\thinkphp\Apps\Runtime\Cache\Home\400c995c330f1f6ecac6b9102849eb7e.php 第 30 行.
NOTIC: [8] Undefined index: 名族 G:\php study\thinkphp\Apps\Runtime\Cache\Home\400c995c330f1f6ecac6b9102849eb7e.php 第 30 行.
NOTIC: [8] Undefined index: 名族 G:\php study\thinkphp\Apps\Runtime\Cache\Home\400c995c330f1f6ecac6b9102849eb7e.php 第 30 行.
NOTIC: [8] Undefined index: 名族 G:\php study\thinkphp\Apps\Runtime\Cache\Home\400c995c330f1f6ecac6b9102849eb7e.php 第 30 行.
NOTIC: [8] Undefined index: 名族 G:\php study\thinkphp\Apps\Runtime\Cache\Home\400c995c330f1f6ecac6b9102849eb7e.php 第 30 行.
NOTIC: [8] Undefined index: 名族 G:\php study\thinkphp\Apps\Runtime\Cache\Home\400c995c330f1f6ecac6b9102849eb7e.php 第 30 行.
NOTIC: [8] Undefined index: 名族 G:\php study\thinkphp\Apps\Runtime\Cache\Home\400c995c330f1f6ecac6b9102849eb7e.php 第 30 行.
NOTIC: [8] Undefined index: 名族 G:\php study\thinkphp\Apps\Runtime\Cache\Home\400c995c330f1f6ecac6b9102849eb7e.php 第 30 行.
NOTIC: [8] Undefined index: 名族 G:\php study\thinkphp\Apps\Runtime\Cache\Home\400c995c330f1f6ecac6b9102849eb7e.php 第 30 行.
NOTIC: [8] Undefined index: 名族 G:\php study\thinkphp\Apps\Runtime\Cache\Home\400c995c330f1f6ecac6b9102849eb7e.php 第 30 行.
NOTIC: [8] Undefined index: 名族 G:\php study\thinkphp\Apps\Runtime\Cache\Home\400c995c330f1f6ecac6b9102849eb7e.php 第 30 行.
NOTIC: [8] Undefined index: 名族 G:\php study\thinkphp\Apps\Runtime\Cache\Home\400c995c330f1f6ecac6b9102849eb7e.php 第 30 行.
NOTIC: [8] Undefined index: 名族 G:\php study\thinkphp\Apps\Runtime\Cache\Home\400c995c330f1f6ecac6b9102849eb7e.php 第 30 行.
NOTIC: [8] Undefined index: 名族 G:\php study\thinkphp\Apps\Runtime\Cache\Home\400c995c330f1f6ecac6b9102849eb7e.php 第 30 行.
NOTIC: [8] Undefined index: 名族 G:\php study\thinkphp\Apps\Runtime\Cache\Home\400c995c330f1f6ecac6b9102849eb7e.php 第 30 行.
NOTIC: [8] Undefined index: 名族 G:\php study\thinkphp\Apps\Runtime\Cache\Home\400c995c330f1f6ecac6b9102849eb7e.php 第 30 行.
NOTIC: [8] Undefined index: 名族 G:\php study\thinkphp\Apps\Runtime\Cache\Home\400c995c330f1f6ecac6b9102849eb7e.php 第 30 行.
NOTIC: [8] Undefined index: 名族 G:\php study\thinkphp\Apps\Runtime\Cache\Home\400c995c330f1f6ecac6b9102849eb7e.php 第 30 行.
NOTIC: [8] Undefined index: 名族 G:\php study\thinkphp\Apps\Runtime\Cache\Home\400c995c330f1f6ecac6b9102849eb7e.php 第 30 行.
NOTIC: [8] Undefined index: 名族 G:\php study\thinkphp\Apps\Runtime\Cache\Home\400c995c330f1f6ecac6b9102849eb7e.php 第 30 行.
NOTIC: [8] Undefined index: 名族 G:\php study\thinkphp\Apps\Runtime\Cache\Home\400c995c330f1f6ecac6b9102849eb7e.php 第 30 行.
INFO: Run Behavior\ParseTemplateBehavior [ RunTime:0.023384s ]
INFO: [ view_parse ] --END-- [ RunTime:0.024067s ]
INFO: [ view_filter ] --START--
INFO: Run Behavior\WriteHtmlCacheBehavior [ RunTime:0.000698s ]
INFO: [ view_filter ] --END-- [ RunTime:0.001141s ]
INFO: [ app_end ] --START--
INFO: Run Behavior\ShowPageTraceBehavior [ RunTime:0.000914s ]
INFO: [ app_end ] --END-- [ RunTime:0.001384s ]

[ 2017-01-05T20:51:08+08:00 ] ::1 /thinkphp/
INFO: [ app_init ] --START--
INFO: Run Behavior\BuildLiteBehavior [ RunTime:0.000302s ]
INFO: [ app_init ] --END-- [ RunTime:0.003784s ]
INFO: [ app_begin ] --START--
INFO: Run Behavior\ReadHtmlCacheBehavior [ RunTime:0.001918s ]
INFO: [ app_begin ] --END-- [ RunTime:0.002580s ]
SQL: SHOW COLUMNS FROM `stu_syb13` [ RunTime:0.0270s ]
SQL: SELECT * FROM `stu_syb13`  [ RunTime:0.0037s ]
INFO: [ view_parse ] --START--
INFO: [ template_filter ] --START--
INFO: Run Behavior\ContentReplaceBehavior [ RunTime:0.002100s ]
INFO: [ template_filter ] --END-- [ RunTime:0.003701s ]
NOTIC: [8] Undefined index: 名族 G:\php study\thinkphp\Apps\Runtime\Cache\Home\400c995c330f1f6ecac6b9102849eb7e.php 第 30 行.
NOTIC: [8] Undefined index: 名族 G:\php study\thinkphp\Apps\Runtime\Cache\Home\400c995c330f1f6ecac6b9102849eb7e.php 第 30 行.
NOTIC: [8] Undefined index: 名族 G:\php study\thinkphp\Apps\Runtime\Cache\Home\400c995c330f1f6ecac6b9102849eb7e.php 第 30 行.
NOTIC: [8] Undefined index: 名族 G:\php study\thinkphp\Apps\Runtime\Cache\Home\400c995c330f1f6ecac6b9102849eb7e.php 第 30 行.
NOTIC: [8] Undefined index: 名族 G:\php study\thinkphp\Apps\Runtime\Cache\Home\400c995c330f1f6ecac6b9102849eb7e.php 第 30 行.
NOTIC: [8] Undefined index: 名族 G:\php study\thinkphp\Apps\Runtime\Cache\Home\400c995c330f1f6ecac6b9102849eb7e.php 第 30 行.
NOTIC: [8] Undefined index: 名族 G:\php study\thinkphp\Apps\Runtime\Cache\Home\400c995c330f1f6ecac6b9102849eb7e.php 第 30 行.
NOTIC: [8] Undefined index: 名族 G:\php study\thinkphp\Apps\Runtime\Cache\Home\400c995c330f1f6ecac6b9102849eb7e.php 第 30 行.
NOTIC: [8] Undefined index: 名族 G:\php study\thinkphp\Apps\Runtime\Cache\Home\400c995c330f1f6ecac6b9102849eb7e.php 第 30 行.
NOTIC: [8] Undefined index: 名族 G:\php study\thinkphp\Apps\Runtime\Cache\Home\400c995c330f1f6ecac6b9102849eb7e.php 第 30 行.
NOTIC: [8] Undefined index: 名族 G:\php study\thinkphp\Apps\Runtime\Cache\Home\400c995c330f1f6ecac6b9102849eb7e.php 第 30 行.
NOTIC: [8] Undefined index: 名族 G:\php study\thinkphp\Apps\Runtime\Cache\Home\400c995c330f1f6ecac6b9102849eb7e.php 第 30 行.
NOTIC: [8] Undefined index: 名族 G:\php study\thinkphp\Apps\Runtime\Cache\Home\400c995c330f1f6ecac6b9102849eb7e.php 第 30 行.
NOTIC: [8] Undefined index: 名族 G:\php study\thinkphp\Apps\Runtime\Cache\Home\400c995c330f1f6ecac6b9102849eb7e.php 第 30 行.
NOTIC: [8] Undefined index: 名族 G:\php study\thinkphp\Apps\Runtime\Cache\Home\400c995c330f1f6ecac6b9102849eb7e.php 第 30 行.
NOTIC: [8] Undefined index: 名族 G:\php study\thinkphp\Apps\Runtime\Cache\Home\400c995c330f1f6ecac6b9102849eb7e.php 第 30 行.
NOTIC: [8] Undefined index: 名族 G:\php study\thinkphp\Apps\Runtime\Cache\Home\400c995c330f1f6ecac6b9102849eb7e.php 第 30 行.
NOTIC: [8] Undefined index: 名族 G:\php study\thinkphp\Apps\Runtime\Cache\Home\400c995c330f1f6ecac6b9102849eb7e.php 第 30 行.
NOTIC: [8] Undefined index: 名族 G:\php study\thinkphp\Apps\Runtime\Cache\Home\400c995c330f1f6ecac6b9102849eb7e.php 第 30 行.
NOTIC: [8] Undefined index: 名族 G:\php study\thinkphp\Apps\Runtime\Cache\Home\400c995c330f1f6ecac6b9102849eb7e.php 第 30 行.
NOTIC: [8] Undefined index: 名族 G:\php study\thinkphp\Apps\Runtime\Cache\Home\400c995c330f1f6ecac6b9102849eb7e.php 第 30 行.
NOTIC: [8] Undefined index: 名族 G:\php study\thinkphp\Apps\Runtime\Cache\Home\400c995c330f1f6ecac6b9102849eb7e.php 第 30 行.
NOTIC: [8] Undefined index: 名族 G:\php study\thinkphp\Apps\Runtime\Cache\Home\400c995c330f1f6ecac6b9102849eb7e.php 第 30 行.
NOTIC: [8] Undefined index: 名族 G:\php study\thinkphp\Apps\Runtime\Cache\Home\400c995c330f1f6ecac6b9102849eb7e.php 第 30 行.
NOTIC: [8] Undefined index: 名族 G:\php study\thinkphp\Apps\Runtime\Cache\Home\400c995c330f1f6ecac6b9102849eb7e.php 第 30 行.
NOTIC: [8] Undefined index: 名族 G:\php study\thinkphp\Apps\Runtime\Cache\Home\400c995c330f1f6ecac6b9102849eb7e.php 第 30 行.
NOTIC: [8] Undefined index: 名族 G:\php study\thinkphp\Apps\Runtime\Cache\Home\400c995c330f1f6ecac6b9102849eb7e.php 第 30 行.
NOTIC: [8] Undefined index: 名族 G:\php study\thinkphp\Apps\Runtime\Cache\Home\400c995c330f1f6ecac6b9102849eb7e.php 第 30 行.
NOTIC: [8] Undefined index: 名族 G:\php study\thinkphp\Apps\Runtime\Cache\Home\400c995c330f1f6ecac6b9102849eb7e.php 第 30 行.
NOTIC: [8] Undefined index: 名族 G:\php study\thinkphp\Apps\Runtime\Cache\Home\400c995c330f1f6ecac6b9102849eb7e.php 第 30 行.
NOTIC: [8] Undefined index: 名族 G:\php study\thinkphp\Apps\Runtime\Cache\Home\400c995c330f1f6ecac6b9102849eb7e.php 第 30 行.
INFO: Run Behavior\ParseTemplateBehavior [ RunTime:0.060977s ]
INFO: [ view_parse ] --END-- [ RunTime:0.064202s ]
INFO: [ view_filter ] --START--
INFO: Run Behavior\WriteHtmlCacheBehavior [ RunTime:0.001575s ]
INFO: [ view_filter ] --END-- [ RunTime:0.002156s ]
INFO: [ app_end ] --START--
INFO: Run Behavior\ShowPageTraceBehavior [ RunTime:0.003367s ]
INFO: [ app_end ] --END-- [ RunTime:0.004519s ]

